

================================================================
== Vivado HLS Report for 'hls_LK'
================================================================
* Date:           Mon Mar  1 13:01:09 2021

* Version:        2018.3 (Build 2405991 on Thu Dec 06 23:56:15 MST 2018)
* Project:        HLS_LK
* Solution:       solution1
* Product family: zynquplus
* Target device:  xczu7ev-ffvc1156-2-e


================================================================
== Performance Estimates
================================================================
+ Timing (ns): 
    * Summary: 
    +--------+-------+----------+------------+
    |  Clock | Target| Estimated| Uncertainty|
    +--------+-------+----------+------------+
    |ap_clk  |   5.00|     4.371|        0.62|
    +--------+-------+----------+------------+

+ Latency (clock cycles): 
    * Summary: 
    +-------+--------+-------+--------+----------+
    |     Latency    |    Interval    | Pipeline |
    |  min  |   max  |  min  |   max  |   Type   |
    +-------+--------+-------+--------+----------+
    |  37672|  691210|  37637|  691205| dataflow |
    +-------+--------+-------+--------+----------+

    + Detail: 
        * Instance: 
        +-------------------------+----------------------+-------+--------+-------+--------+---------+
        |                         |                      |     Latency    |    Interval    | Pipeline|
        |         Instance        |        Module        |  min  |   max  |  min  |   max  |   Type  |
        +-------------------------+----------------------+-------+--------+-------+--------+---------+
        |hls_ComputeVectors_U0    |hls_ComputeVectors    |  12575|  230431|  12575|  230431|   none  |
        |hls_twoIsotropicFilt_U0  |hls_twoIsotropicFilt  |  12548|  230404|  12548|  230404|   none  |
        |hls_ComputeIntegrals_U0  |hls_ComputeIntegrals  |  37636|  691204|  37636|  691204|   none  |
        |hls_SpatialTemporalD_U0  |hls_SpatialTemporalD  |  12550|  230406|  12550|  230406|   none  |
        +-------------------------+----------------------+-------+--------+-------+--------+---------+

        * Loop: 
        N/A



================================================================
== Utilization Estimates
================================================================
* Summary: 
+-----------------+---------+-------+--------+--------+-----+
|       Name      | BRAM_18K| DSP48E|   FF   |   LUT  | URAM|
+-----------------+---------+-------+--------+--------+-----+
|DSP              |        -|      -|       -|       -|    -|
|Expression       |        -|      -|       0|       2|    -|
|FIFO             |        0|      -|      90|     541|    -|
|Instance         |       40|     48|    8187|   11466|    -|
|Memory           |        -|      -|       -|       -|    -|
|Multiplexer      |        -|      -|       -|       -|    -|
|Register         |        -|      -|       -|       -|    -|
+-----------------+---------+-------+--------+--------+-----+
|Total            |       40|     48|    8277|   12009|    0|
+-----------------+---------+-------+--------+--------+-----+
|Available        |      624|   1728|  460800|  230400|   96|
+-----------------+---------+-------+--------+--------+-----+
|Utilization (%)  |        6|      2|       1|       5|    0|
+-----------------+---------+-------+--------+--------+-----+

+ Detail: 
    * Instance: 
    +----------------------------+--------------------------+---------+-------+------+------+
    |          Instance          |          Module          | BRAM_18K| DSP48E|  FF  |  LUT |
    +----------------------------+--------------------------+---------+-------+------+------+
    |hls_ComputeIntegrals_U0     |hls_ComputeIntegrals      |       32|     11|  1638|  2186|
    |hls_ComputeVectors_U0       |hls_ComputeVectors        |        0|     33|  3924|  4884|
    |hls_LK_CONTROL_BUS_s_axi_U  |hls_LK_CONTROL_BUS_s_axi  |        0|      0|   112|   168|
    |hls_SpatialTemporalD_U0     |hls_SpatialTemporalD      |        4|      3|  1051|  1024|
    |hls_twoIsotropicFilt_U0     |hls_twoIsotropicFilt      |        4|      1|  1462|  3204|
    +----------------------------+--------------------------+---------+-------+------+------+
    |Total                       |                          |       40|     48|  8187| 11466|
    +----------------------------+--------------------------+---------+-------+------+------+

    * DSP48: 
    N/A

    * Memory: 
    N/A

    * FIFO: 
    +--------------------+---------+---+----+------+-----+---------+
    |        Name        | BRAM_18K| FF| LUT| Depth| Bits| Size:D*B|
    +--------------------+---------+---+----+------+-----+---------+
    |A11_img_channel_U   |        0|  6|  48|    10|   34|      340|
    |A12_img_channel_U   |        0|  6|  48|    10|   34|      340|
    |A22_img_channel_U   |        0|  6|  48|    10|   34|      340|
    |B1_img_channel_U    |        0|  6|  48|    10|   34|      340|
    |B2_img_channel_U    |        0|  6|  48|    10|   34|      340|
    |Dt_img_channel_U    |        0|  6|  27|    10|   13|      130|
    |Dx1_img_channel_U   |        0|  6|  27|    10|   13|      130|
    |Dy1_img_channel_U   |        0|  6|  27|    10|   13|      130|
    |flt1_img_channel_U  |        0|  6|  26|    10|   12|      120|
    |flt2_img_channel_U  |        0|  6|  26|    10|   12|      120|
    |height_c11_U        |        0|  5|  28|     2|   16|       32|
    |height_c9_U         |        0|  5|  28|     2|   16|       32|
    |height_c_U          |        0|  5|  28|     2|   16|       32|
    |width_c10_U         |        0|  5|  28|     2|   16|       32|
    |width_c12_U         |        0|  5|  28|     2|   16|       32|
    |width_c_U           |        0|  5|  28|     2|   16|       32|
    +--------------------+---------+---+----+------+-----+---------+
    |Total               |        0| 90| 541|   112|  329|     2522|
    +--------------------+---------+---+----+------+-----+---------+

    * Expression: 
    +--------------+----------+-------+---+----+------------+------------+
    | Variable Name| Operation| DSP48E| FF| LUT| Bitwidth P0| Bitwidth P1|
    +--------------+----------+-------+---+----+------------+------------+
    |ap_idle       |    and   |      0|  0|   2|           1|           1|
    +--------------+----------+-------+---+----+------------+------------+
    |Total         |          |      0|  0|   2|           1|           1|
    +--------------+----------+-------+---+----+------------+------------+

    * Multiplexer: 
    N/A

    * Register: 
    N/A



================================================================
== Interface
================================================================
* Summary: 
+---------------------------+-----+-----+------------+-------------------+--------------+
|         RTL Ports         | Dir | Bits|  Protocol  |   Source Object   |    C Type    |
+---------------------------+-----+-----+------------+-------------------+--------------+
|s_axi_CONTROL_BUS_AWVALID  |  in |    1|    s_axi   |    CONTROL_BUS    |    scalar    |
|s_axi_CONTROL_BUS_AWREADY  | out |    1|    s_axi   |    CONTROL_BUS    |    scalar    |
|s_axi_CONTROL_BUS_AWADDR   |  in |    6|    s_axi   |    CONTROL_BUS    |    scalar    |
|s_axi_CONTROL_BUS_WVALID   |  in |    1|    s_axi   |    CONTROL_BUS    |    scalar    |
|s_axi_CONTROL_BUS_WREADY   | out |    1|    s_axi   |    CONTROL_BUS    |    scalar    |
|s_axi_CONTROL_BUS_WDATA    |  in |   32|    s_axi   |    CONTROL_BUS    |    scalar    |
|s_axi_CONTROL_BUS_WSTRB    |  in |    4|    s_axi   |    CONTROL_BUS    |    scalar    |
|s_axi_CONTROL_BUS_ARVALID  |  in |    1|    s_axi   |    CONTROL_BUS    |    scalar    |
|s_axi_CONTROL_BUS_ARREADY  | out |    1|    s_axi   |    CONTROL_BUS    |    scalar    |
|s_axi_CONTROL_BUS_ARADDR   |  in |    6|    s_axi   |    CONTROL_BUS    |    scalar    |
|s_axi_CONTROL_BUS_RVALID   | out |    1|    s_axi   |    CONTROL_BUS    |    scalar    |
|s_axi_CONTROL_BUS_RREADY   |  in |    1|    s_axi   |    CONTROL_BUS    |    scalar    |
|s_axi_CONTROL_BUS_RDATA    | out |   32|    s_axi   |    CONTROL_BUS    |    scalar    |
|s_axi_CONTROL_BUS_RRESP    | out |    2|    s_axi   |    CONTROL_BUS    |    scalar    |
|s_axi_CONTROL_BUS_BVALID   | out |    1|    s_axi   |    CONTROL_BUS    |    scalar    |
|s_axi_CONTROL_BUS_BREADY   |  in |    1|    s_axi   |    CONTROL_BUS    |    scalar    |
|s_axi_CONTROL_BUS_BRESP    | out |    2|    s_axi   |    CONTROL_BUS    |    scalar    |
|ap_clk                     |  in |    1| ap_ctrl_hs |       hls_LK      | return value |
|ap_rst_n                   |  in |    1| ap_ctrl_hs |       hls_LK      | return value |
|interrupt                  | out |    1| ap_ctrl_hs |       hls_LK      | return value |
|inp1_img_TDATA             |  in |    8|    axis    | inp1_img_V_data_V |    pointer   |
|inp1_img_TLAST             |  in |    1|    axis    | inp1_img_V_last_V |    pointer   |
|inp1_img_TVALID            |  in |    1|    axis    | inp1_img_V_last_V |    pointer   |
|inp1_img_TREADY            | out |    1|    axis    | inp1_img_V_last_V |    pointer   |
|inp2_img_TDATA             |  in |    8|    axis    | inp2_img_V_data_V |    pointer   |
|inp2_img_TLAST             |  in |    1|    axis    | inp2_img_V_last_V |    pointer   |
|inp2_img_TVALID            |  in |    1|    axis    | inp2_img_V_last_V |    pointer   |
|inp2_img_TREADY            | out |    1|    axis    | inp2_img_V_last_V |    pointer   |
|vx_img_TDATA               | out |    8|    axis    |  vx_img_V_data_V  |    pointer   |
|vx_img_TLAST               | out |    1|    axis    |  vx_img_V_last_V  |    pointer   |
|vx_img_TVALID              | out |    1|    axis    |  vx_img_V_last_V  |    pointer   |
|vx_img_TREADY              |  in |    1|    axis    |  vx_img_V_last_V  |    pointer   |
|vy_img_TDATA               | out |    8|    axis    |  vy_img_V_data_V  |    pointer   |
|vy_img_TLAST               | out |    1|    axis    |  vy_img_V_last_V  |    pointer   |
|vy_img_TVALID              | out |    1|    axis    |  vy_img_V_last_V  |    pointer   |
|vy_img_TREADY              |  in |    1|    axis    |  vy_img_V_last_V  |    pointer   |
+---------------------------+-----+-----+------------+-------------------+--------------+

