

================================================================
== Vivado HLS Report for 'hls_isotropic_kernel'
================================================================
* Date:           Mon Mar  1 13:01:01 2021

* Version:        2018.3 (Build 2405991 on Thu Dec 06 23:56:15 MST 2018)
* Project:        HLS_LK
* Solution:       solution1
* Product family: zynquplus
* Target device:  xczu7ev-ffvc1156-2-e


================================================================
== Performance Estimates
================================================================
+ Timing (ns): 
    * Summary: 
    +--------+-------+----------+------------+
    |  Clock | Target| Estimated| Uncertainty|
    +--------+-------+----------+------------+
    |ap_clk  |   5.00|     3.964|        0.62|
    +--------+-------+----------+------------+

+ Latency (clock cycles): 
    * Summary: 
    +-----+-----+-----+-----+----------+
    |  Latency  |  Interval | Pipeline |
    | min | max | min | max |   Type   |
    +-----+-----+-----+-----+----------+
    |    1|    1|    1|    1| function |
    +-----+-----+-----+-----+----------+

    + Detail: 
        * Instance: 
        N/A

        * Loop: 
        N/A



================================================================
== Utilization Estimates
================================================================
* Summary: 
+-----------------+---------+-------+--------+--------+-----+
|       Name      | BRAM_18K| DSP48E|   FF   |   LUT  | URAM|
+-----------------+---------+-------+--------+--------+-----+
|DSP              |        -|      -|       -|       -|    -|
|Expression       |        -|      -|       0|    2536|    -|
|FIFO             |        -|      -|       -|       -|    -|
|Instance         |        -|      -|       -|       -|    -|
|Memory           |        -|      -|       -|       -|    -|
|Multiplexer      |        -|      -|       -|       9|    -|
|Register         |        -|      -|     197|       -|    -|
+-----------------+---------+-------+--------+--------+-----+
|Total            |        0|      0|     197|    2545|    0|
+-----------------+---------+-------+--------+--------+-----+
|Available        |      624|   1728|  460800|  230400|   96|
+-----------------+---------+-------+--------+--------+-----+
|Utilization (%)  |        0|      0|   ~0   |       1|    0|
+-----------------+---------+-------+--------+--------+-----+

+ Detail: 
    * Instance: 
    N/A

    * DSP48: 
    N/A

    * Memory: 
    N/A

    * FIFO: 
    N/A

    * Expression: 
    +-------------------------+----------+-------+---+----+------------+------------+
    |      Variable Name      | Operation| DSP48E| FF| LUT| Bitwidth P0| Bitwidth P1|
    +-------------------------+----------+-------+---+----+------------+------------+
    |accum1_1_0_1_fu_292_p2   |     +    |      0|  0|  22|          15|          15|
    |accum1_1_1_1_fu_574_p2   |     +    |      0|  0|  64|          20|          20|
    |accum1_1_2_fu_900_p2     |     +    |      0|  0|  64|          20|          20|
    |accum1_1_4_4_fu_1925_p2  |     +    |      0|  0|  64|          20|          20|
    |accum1_1_4_fu_1825_p2    |     +    |      0|  0|  64|          20|          20|
    |accum2_1_0_1_fu_306_p2   |     +    |      0|  0|  22|          15|          15|
    |accum2_1_1_1_fu_620_p2   |     +    |      0|  0|  64|          20|          20|
    |accum2_1_2_fu_932_p2     |     +    |      0|  0|  64|          20|          20|
    |accum2_1_4_4_fu_1940_p2  |     +    |      0|  0|  64|          20|          20|
    |accum2_1_4_fu_1838_p2    |     +    |      0|  0|  64|          20|          20|
    |ret_V_2_2_fu_1056_p2     |     +    |      0|  0|  25|          18|          18|
    |ret_V_4_2_2_fu_1096_p2   |     +    |      0|  0|  25|          18|          18|
    |tmp10_fu_884_p2          |     +    |      0|  0|  24|          17|          17|
    |tmp11_fu_910_p2          |     +    |      0|  0|  64|          20|          20|
    |tmp12_fu_926_p2          |     +    |      0|  0|  27|          20|          20|
    |tmp13_fu_916_p2          |     +    |      0|  0|  24|          17|          17|
    |tmp14_fu_1818_p2         |     +    |      0|  0|  64|          20|          20|
    |tmp15_fu_1550_p2         |     +    |      0|  0|  64|          20|          20|
    |tmp16_fu_1562_p2         |     +    |      0|  0|  64|          20|          20|
    |tmp17_fu_1556_p2         |     +    |      0|  0|  64|          20|          20|
    |tmp18_fu_1604_p2         |     +    |      0|  0|  64|          19|          19|
    |tmp19_fu_1578_p2         |     +    |      0|  0|  64|          19|          19|
    |tmp1_fu_538_p2           |     +    |      0|  0|  24|          17|          17|
    |tmp20_fu_1568_p2         |     +    |      0|  0|  24|          17|          17|
    |tmp21_fu_1594_p2         |     +    |      0|  0|  23|          16|          16|
    |tmp22_fu_1584_p2         |     +    |      0|  0|  22|          15|          15|
    |tmp23_fu_1831_p2         |     +    |      0|  0|  64|          20|          20|
    |tmp24_fu_1614_p2         |     +    |      0|  0|  64|          20|          20|
    |tmp25_fu_1626_p2         |     +    |      0|  0|  64|          20|          20|
    |tmp26_fu_1620_p2         |     +    |      0|  0|  64|          20|          20|
    |tmp27_fu_1668_p2         |     +    |      0|  0|  64|          19|          19|
    |tmp28_fu_1642_p2         |     +    |      0|  0|  64|          19|          19|
    |tmp29_fu_1632_p2         |     +    |      0|  0|  24|          17|          17|
    |tmp2_fu_564_p2           |     +    |      0|  0|  23|          16|          16|
    |tmp30_fu_1658_p2         |     +    |      0|  0|  23|          16|          16|
    |tmp31_fu_1648_p2         |     +    |      0|  0|  22|          15|          15|
    |tmp32_fu_1916_p2         |     +    |      0|  0|  64|          20|          20|
    |tmp33_fu_1792_p2         |     +    |      0|  0|  23|          16|          16|
    |tmp34_fu_1782_p2         |     +    |      0|  0|  22|          15|          15|
    |tmp35_fu_1931_p2         |     +    |      0|  0|  64|          20|          20|
    |tmp36_fu_1812_p2         |     +    |      0|  0|  23|          16|          16|
    |tmp37_fu_1802_p2         |     +    |      0|  0|  22|          15|          15|
    |tmp3_fu_554_p2           |     +    |      0|  0|  22|          15|          15|
    |tmp4_fu_594_p2           |     +    |      0|  0|  27|          20|          20|
    |tmp5_fu_584_p2           |     +    |      0|  0|  24|          17|          17|
    |tmp6_fu_610_p2           |     +    |      0|  0|  23|          16|          16|
    |tmp7_fu_600_p2           |     +    |      0|  0|  22|          15|          15|
    |tmp8_fu_878_p2           |     +    |      0|  0|  64|          20|          20|
    |tmp9_fu_894_p2           |     +    |      0|  0|  27|          20|          20|
    |tmp_fu_548_p2            |     +    |      0|  0|  27|          20|          20|
    |ret_V_0_2_fu_344_p2      |     -    |      0|  0|  23|          16|          16|
    |ret_V_1_2_fu_654_p2      |     -    |      0|  0|  25|          18|          18|
    |ret_V_2_1_fu_966_p2      |     -    |      0|  0|  25|          18|          18|
    |ret_V_2_3_fu_1138_p2     |     -    |      0|  0|  25|          18|          18|
    |ret_V_2_4_fu_1228_p2     |     -    |      0|  0|  23|          16|          16|
    |ret_V_2_fu_820_p2        |     -    |      0|  0|  23|          16|          16|
    |ret_V_3_2_fu_1394_p2     |     -    |      0|  0|  25|          18|          18|
    |ret_V_414_2_fu_1866_p2   |     -    |      0|  0|  23|          16|          16|
    |ret_V_4_0_2_fu_388_p2    |     -    |      0|  0|  23|          16|          16|
    |ret_V_4_1_2_fu_698_p2    |     -    |      0|  0|  25|          18|          18|
    |ret_V_4_2_1_fu_1010_p2   |     -    |      0|  0|  25|          18|          18|
    |ret_V_4_2_3_fu_1182_p2   |     -    |      0|  0|  25|          18|          18|
    |ret_V_4_2_4_fu_1272_p2   |     -    |      0|  0|  23|          16|          16|
    |ret_V_4_2_fu_864_p2      |     -    |      0|  0|  23|          16|          16|
    |ret_V_4_3_2_fu_1438_p2   |     -    |      0|  0|  25|          18|          18|
    |ret_V_4_4_2_fu_1898_p2   |     -    |      0|  0|  23|          16|          16|
    +-------------------------+----------+-------+---+----+------------+------------+
    |Total                    |          |      0|  0|2536|        1182|        1182|
    +-------------------------+----------+-------+---+----+------------+------------+

    * Multiplexer: 
    +-----------+----+-----------+-----+-----------+
    |    Name   | LUT| Input Size| Bits| Total Bits|
    +-----------+----+-----------+-----+-----------+
    |ap_return  |   9|          2|   24|         48|
    +-----------+----+-----------+-----+-----------+
    |Total      |   9|          2|   24|         48|
    +-----------+----+-----------+-----+-----------+

    * Register: 
    +-------------------+----+----+-----+-----------+
    |        Name       | FF | LUT| Bits| Const Bits|
    +-------------------+----+----+-----+-----------+
    |ap_ce_reg          |   1|   0|    1|          0|
    |ap_return_int_reg  |  24|   0|   24|          0|
    |tmp15_reg_1974     |  20|   0|   20|          0|
    |tmp16_reg_1979     |  19|   0|   20|          1|
    |tmp18_reg_1984     |  19|   0|   19|          0|
    |tmp24_reg_1989     |  20|   0|   20|          0|
    |tmp25_reg_1994     |  19|   0|   20|          1|
    |tmp27_reg_1999     |  19|   0|   19|          0|
    |tmp33_reg_2016     |  16|   0|   16|          0|
    |tmp36_reg_2021     |  16|   0|   16|          0|
    |tmp_41_reg_2004    |  12|   0|   12|          0|
    |tmp_42_reg_2010    |  12|   0|   12|          0|
    +-------------------+----+----+-----+-----------+
    |Total              | 197|   0|  199|          2|
    +-------------------+----+----+-----+-----------+



================================================================
== Interface
================================================================
* Summary: 
+------------------+-----+-----+------------+----------------------+--------------+
|     RTL Ports    | Dir | Bits|  Protocol  |     Source Object    |    C Type    |
+------------------+-----+-----+------------+----------------------+--------------+
|ap_clk            |  in |    1| ap_ctrl_hs | hls_isotropic_kernel | return value |
|ap_rst            |  in |    1| ap_ctrl_hs | hls_isotropic_kernel | return value |
|ap_return         | out |   24| ap_ctrl_hs | hls_isotropic_kernel | return value |
|ap_ce             |  in |    1| ap_ctrl_hs | hls_isotropic_kernel | return value |
|window_0_V_read   |  in |   24|   ap_none  |    window_0_V_read   |    scalar    |
|window_1_V_read   |  in |   24|   ap_none  |    window_1_V_read   |    scalar    |
|window_2_V_read   |  in |   24|   ap_none  |    window_2_V_read   |    scalar    |
|window_3_V_read   |  in |   24|   ap_none  |    window_3_V_read   |    scalar    |
|window_4_V_read   |  in |   24|   ap_none  |    window_4_V_read   |    scalar    |
|window_5_V_read   |  in |   24|   ap_none  |    window_5_V_read   |    scalar    |
|window_6_V_read   |  in |   24|   ap_none  |    window_6_V_read   |    scalar    |
|window_7_V_read   |  in |   24|   ap_none  |    window_7_V_read   |    scalar    |
|window_8_V_read   |  in |   24|   ap_none  |    window_8_V_read   |    scalar    |
|window_9_V_read   |  in |   24|   ap_none  |    window_9_V_read   |    scalar    |
|window_10_V_read  |  in |   24|   ap_none  |   window_10_V_read   |    scalar    |
|window_11_V_read  |  in |   24|   ap_none  |   window_11_V_read   |    scalar    |
|window_12_V_read  |  in |   24|   ap_none  |   window_12_V_read   |    scalar    |
|window_13_V_read  |  in |   24|   ap_none  |   window_13_V_read   |    scalar    |
|window_14_V_read  |  in |   24|   ap_none  |   window_14_V_read   |    scalar    |
|window_15_V_read  |  in |   24|   ap_none  |   window_15_V_read   |    scalar    |
|window_16_V_read  |  in |   24|   ap_none  |   window_16_V_read   |    scalar    |
|window_17_V_read  |  in |   24|   ap_none  |   window_17_V_read   |    scalar    |
|window_18_V_read  |  in |   24|   ap_none  |   window_18_V_read   |    scalar    |
|window_19_V_read  |  in |   24|   ap_none  |   window_19_V_read   |    scalar    |
|window_20_V_read  |  in |   24|   ap_none  |   window_20_V_read   |    scalar    |
|window_21_V_read  |  in |   24|   ap_none  |   window_21_V_read   |    scalar    |
|window_22_V_read  |  in |   24|   ap_none  |   window_22_V_read   |    scalar    |
|window_23_V_read  |  in |   24|   ap_none  |   window_23_V_read   |    scalar    |
|window_24_V_read  |  in |   24|   ap_none  |   window_24_V_read   |    scalar    |
+------------------+-----+-----+------------+----------------------+--------------+

